<?xml version="1.0" encoding="UTF-8"?>
<testng-results ignored="0" total="1" passed="1" failed="0" skipped="0">
  <reporter-output>
  </reporter-output>
  <suite started-at="2024-01-11T19:57:25 EST" name="Default suite" finished-at="2024-01-11T19:57:31 EST" duration-ms="5625">
    <groups>
    </groups>
    <test started-at="2024-01-11T19:57:25 EST" name="Default test" finished-at="2024-01-11T19:57:31 EST" duration-ms="5625">
      <class name="com.qa.tn.part1_SearchProduct_Test.SearchProductTest">
        <test-method is-config="true" signature="registerSetup()[pri:0, instance:com.qa.tn.part1_SearchProduct_Test.SearchProductTest@4d5650ae]" started-at="2024-01-11T19:57:25 EST" name="registerSetup" finished-at="2024-01-11T19:57:30 EST" duration-ms="4641" status="PASS">
          <reporter-output>
          </reporter-output>
        </test-method> <!-- registerSetup -->
        <test-method signature="verifySearchWithValidProduct()[pri:0, instance:com.qa.tn.part1_SearchProduct_Test.SearchProductTest@4d5650ae]" started-at="2024-01-11T19:57:30 EST" name="verifySearchWithValidProduct" finished-at="2024-01-11T19:57:31 EST" duration-ms="800" status="PASS">
          <reporter-output>
          </reporter-output>
        </test-method> <!-- verifySearchWithValidProduct -->
        <test-method is-config="true" signature="tearDown()[pri:0, instance:com.qa.tn.part1_SearchProduct_Test.SearchProductTest@4d5650ae]" started-at="2024-01-11T19:57:31 EST" name="tearDown" finished-at="2024-01-11T19:57:31 EST" duration-ms="140" status="PASS">
          <reporter-output>
          </reporter-output>
        </test-method> <!-- tearDown -->
      </class> <!-- com.qa.tn.part1_SearchProduct_Test.SearchProductTest -->
    </test> <!-- Default test -->
  </suite> <!-- Default suite -->
</testng-results>
